#
# A fatal error has been detected by the Java Runtime Environment:
#
#  EXCEPTION_ACCESS_VIOLATION (0xc0000005) at pc=0x00007ffab960bdd6, pid=13692, tid=15320
#
# JRE version: OpenJDK Runtime Environment Temurin-21.0.7+6 (21.0.7+6) (build 21.0.7+6-LTS)
# Java VM: OpenJDK 64-Bit Server VM Temurin-21.0.7+6 (21.0.7+6-LTS, mixed mode, sharing, tiered, compressed oops, compressed class ptrs, parallel gc, windows-amd64)
# Problematic frame:
# V  [jvm.dll+0x1dbdd6]
#
# No core dump will be written. Minidumps are not enabled by default on client versions of Windows
#
# If you would like to submit a bug report, please visit:
#   https://github.com/adoptium/adoptium-support/issues
#

---------------  S U M M A R Y ------------

Command Line: --add-modules=ALL-SYSTEM --add-opens=java.base/java.util=ALL-UNNAMED --add-opens=java.base/java.lang=ALL-UNNAMED --add-opens=java.base/sun.nio.fs=ALL-UNNAMED -Declipse.application=org.eclipse.jdt.ls.core.id1 -Dosgi.bundles.defaultStartLevel=4 -Declipse.product=org.eclipse.jdt.ls.core.product -Djava.import.generatesMetadataFilesAtProjectRoot=false -DDetectVMInstallationsJob.disabled=true -Dfile.encoding=utf8 -XX:+UseParallelGC -XX:GCTimeRatio=4 -XX:AdaptiveSizePolicyWeight=90 -Dsun.zip.disableMemoryMapping=true -Xmx1G -Xms100m -Xlog:disable -javaagent:c:\Users\Diak\.vscode\extensions\redhat.java-1.42.0-win32-x64\lombok\lombok-1.18.36.jar -XX:+HeapDumpOnOutOfMemoryError -XX:HeapDumpPath=c:\Users\Diak\AppData\Roaming\Code\User\workspaceStorage\7836344560901afb306dcbf77710d17b\redhat.java -Daether.dependencyCollector.impl=bf c:\Users\Diak\.vscode\extensions\redhat.java-1.42.0-win32-x64\server\plugins\org.eclipse.equinox.launcher_1.7.0.v20250424-1814.jar -configuration c:\Users\Diak\AppData\Roaming\Code\User\globalStorage\redhat.java\1.42.0\config_win -data c:\Users\Diak\AppData\Roaming\Code\User\workspaceStorage\7836344560901afb306dcbf77710d17b\redhat.java\jdt_ws --pipe=\\.\pipe\lsp-9f45533ce1f85f6d653876e5a7809dc4-sock

Host: Intel(R) Core(TM) i5-6400 CPU @ 2.70GHz, 4 cores, 15G,  Windows 10 , 64 bit Build 19041 (10.0.19041.5794)
Time: Fri May 30 14:21:01 2025 Közép-európai nyári iduild 19041 (10.0.19041.5794) elapsed time: 19.815371 seconds (0d 0h 0m 19s)

---------------  T H R E A D  ---------------

Current thread (0x000001e2156775d0):  JavaThread "C2 CompilerThread0" daemon [_thread_in_native, id=15320, stack(0x000000b5c7900000,0x000000b5c7a00000) (1024K)]


Current CompileTask:
C2:19815 7567       4       org.eclipse.jdt.internal.core.search.indexing.BinaryIndexer::extractReferenceFromConstantPool (358 bytes)

Stack: [0x000000b5c7900000,0x000000b5c7a00000],  sp=0x000000b5c79fc210,  free space=1008k
Native frames: (J=compiled Java code, j=interpreted, Vv=VM code, C=native code)
V  [jvm.dll+0x1dbdd6]
V  [jvm.dll+0x6f5279]
V  [jvm.dll+0x6f759e]
V  [jvm.dll+0x6f5ad3]
V  [jvm.dll+0x250cee]
V  [jvm.dll+0x25106f]
V  [jvm.dll+0x249934]
V  [jvm.dll+0x246fc4]
V  [jvm.dll+0x1c760e]
V  [jvm.dll+0x25695a]
V  [jvm.dll+0x254efa]
V  [jvm.dll+0x3f03f6]
V  [jvm.dll+0x851f6b]
V  [jvm.dll+0x6cc7dd]
C  [ucrtbase.dll+0x21bb2]
C  [KERNEL32.DLL+0x17374]
C  [ntdll.dll+0x4cc91]


siginfo: EXCEPTION_ACCESS_VIOLATION (0xc0000005), reading address 0x0000000000000001


Registers:
RAX=0x00007ffab9e15e40, RBX=0x000001e2156c8fd0, RCX=0x0000000000000001, RDX=0x000001e2156c8fd0
RSP=0x000000b5c79fc210, RBP=0x00000000000002be, RSI=0x000000b5c79fc6e0, RDI=0x000001e25f652ed8
R8 =0x000000000000000a, R9 =0x0000000000000e0f, R10=0xfefefefefefefeff, R11=0x8080808080808080
R12=0x0000000000000000, R13=0x000001e215678130, R14=0x0000000000000050, R15=0x000001e25dbfecd8
RIP=0x00007ffab960bdd6, EFLAGS=0x0000000000010202

XMM[0]=0x0000000000000000 0x0000000000000000
XMM[1]=0x000001e25d6e1f08 0x000001e25dc44a28
XMM[2]=0x000001e25ff302b8 0x000001e25ff2e038
XMM[3]=0x0000000000000000 0x0000000000000000
XMM[4]=0x0000000000000000 0x0000000000000000
XMM[5]=0x000001e25ff2f428 0x000001e25ff2f2c0
XMM[6]=0x0000000000000000 0x0000000000000000
XMM[7]=0x0000000000000000 0x0000000000000000
XMM[8]=0x0000000000000000 0x0000000000000000
XMM[9]=0x0000000000000000 0x0000000000000000
XMM[10]=0x0000000000000000 0x0000000000000000
XMM[11]=0x0000000000000000 0x0000000000000000
XMM[12]=0x0000000000000000 0x0000000000000000
XMM[13]=0x0000000000000000 0x0000000000000000
XMM[14]=0x0000000000000000 0x0000000000000000
XMM[15]=0x0000000000000000 0x0000000000000000
  MXCSR=0x00001fa0


Register to memory mapping:

RAX=0x00007ffab9e15e40 jvm.dll
RBX=0x000001e2156c8fd0 points into unknown readable memory: 0x00007ffab9e15e40 | 40 5e e1 b9 fa 7f 00 00
RCX=0x0000000000000001 is an unknown value
RDX=0x000001e2156c8fd0 points into unknown readable memory: 0x00007ffab9e15e40 | 40 5e e1 b9 fa 7f 00 00
RSP=0x000000b5c79fc210 is pointing into the stack for thread: 0x000001e2156775d0
RBP=0x00000000000002be is an unknown value
RSI=0x000000b5c79fc6e0 is pointing into the stack for thread: 0x000001e2156775d0
RDI=0x000001e25f652ed8 points into unknown readable memory: 0x000000b5c79fe800 | 00 e8 9f c7 b5 00 00 00
R8 =0x000000000000000a is an unknown value
R9 =0x0000000000000e0f is an unknown value
R10=0xfefefefefefefeff is an unknown value
R11=0x8080808080808080 is an unknown value
R12=0x0 is null
R13=0x000001e215678130 points into unknown readable memory: 0x000001e2156775d0 | d0 75 67 15 e2 01 00 00
R14=0x0000000000000050 is an unknown value
R15=0x000001e25dbfecd8 points into unknown readable memory: 0x00007ffab9e16320 | 20 63 e1 b9 fa 7f 00 00

Top of Stack: (sp=0x000000b5c79fc210)
0x000000b5c79fc210:   000001e215678130 00007ffab9b253fb
0x000000b5c79fc220:   000001e25dbfd938 0000000000000040
0x000000b5c79fc230:   000001e25f652ed8 00007ffab9b25279
0x000000b5c79fc240:   000001e2156c8fd0 0000000000000048
0x000000b5c79fc250:   000001e215678130 0000000000000000
0x000000b5c79fc260:   000000b5c79fc6e0 00007ffab9b2759e
0x000000b5c79fc270:   000001e2156c8fd0 0000000000000040
0x000000b5c79fc280:   00000000000002bd 000000b5c79fc6e0
0x000000b5c79fc290:   000000b5c79fc6e0 00007ffab9b25ad3
0x000000b5c79fc2a0:   000000b5c79fe6d0 000001e2156c8fd0
0x000000b5c79fc2b0:   000001e25fbe1e28 00000000001e39e0
0x000000b5c79fc2c0:   0000000000000000 000000b5c79fe6d0
0x000000b5c79fc2d0:   000001e25dd45ff0 00007ffab9680cee
0x000000b5c79fc2e0:   000000b5c79fc6e0 000001e25dd47ac0
0x000000b5c79fc2f0:   000001e215660ad0 000000b5c79fc3e0
0x000000b5c79fc300:   00007ffab9e3e2e0 000001e20000000e
0x000000b5c79fc310:   000000b5c79fe6d0 000000b5c79fe800
0x000000b5c79fc320:   000001e200004000 000001e2600af3d0
0x000000b5c79fc330:   0000000000000000 000000b5c79fc6e0
0x000000b5c79fc340:   000001e25dd47b18 000001e25d125fc0
0x000000b5c79fc350:   000000b500001f78 0000000000000000
0x000000b5c79fc360:   000001e25f0ea100 000001e215660ad0
0x000000b5c79fc370:   000001e200000004 000001e25dd47ac0
0x000000b5c79fc380:   000000d500000000 000001e215660ad0
0x000000b5c79fc390:   0000000000000004 000001e25dd47ae0
0x000000b5c79fc3a0:   000000b500000000 0000200000001f72
0x000000b5c79fc3b0:   000001e25e660ea0 0000000000000000
0x000000b5c79fc3c0:   0000400000000000 000001e25dd25fe0
0x000000b5c79fc3d0:   000001e25ef19c20 000001e25fbdcae8
0x000000b5c79fc3e0:   0000000000000000 00000000ffffffff
0x000000b5c79fc3f0:   0000000000000000 000000b5c79fc6e0
0x000000b5c79fc400:   0000000000000020 0000000000000070 

Instructions: (pc=0x00007ffab960bdd6)
0x00007ffab960bcd6:   01 4d 8d 49 08 49 83 ea 01 75 ef 41 8b cc e8 37
0x00007ffab960bce6:   bb 68 00 49 83 3f 00 48 8b d8 74 15 48 8b 54 24
0x00007ffab960bcf6:   58 49 8b ce e8 b1 9a ee ff 49 8b cf e8 89 9a ee
0x00007ffab960bd06:   ff 48 8b 44 24 60 49 39 46 18 74 11 49 89 46 18
0x00007ffab960bd16:   48 8b 44 24 68 49 89 46 20 4d 89 7e 10 48 8b c3
0x00007ffab960bd26:   48 83 c4 78 41 5f 41 5e 41 5d 41 5c 5f 5e 5d 5b
0x00007ffab960bd36:   c3 cc cc cc cc cc cc cc cc cc 48 8b 41 48 48 85
0x00007ffab960bd46:   c0 75 01 c3 8b 40 18 c3 cc cc 48 8b 41 10 8b 49
0x00007ffab960bd56:   20 4c 8d 04 c8 49 3b c0 73 17 48 8b 10 8b 4a 2c
0x00007ffab960bd66:   83 e1 0f 80 f9 0c 74 0c 48 83 c0 08 49 3b c0 72
0x00007ffab960bd76:   e9 33 c0 c3 48 8b c2 c3 cc cc 40 53 48 83 ec 20
0x00007ffab960bd86:   48 8b d9 e8 72 dc 4c 00 03 43 40 48 83 c4 20 5b
0x00007ffab960bd96:   c3 cc cc cc cc cc cc cc cc cc 40 53 48 83 ec 20
0x00007ffab960bda6:   48 8b d9 e8 52 dc 4c 00 03 43 38 48 83 c4 20 5b
0x00007ffab960bdb6:   c3 cc cc cc cc cc cc cc cc cc 48 89 5c 24 08 57
0x00007ffab960bdc6:   48 83 ec 20 48 8b d9 48 8b 49 40 48 85 c9 74 0a
0x00007ffab960bdd6:   48 8b 01 ff 50 50 8b f8 eb 02 33 ff 48 8b cb e8
0x00007ffab960bde6:   66 dc 4c 00 48 8b 5c 24 30 03 c7 48 83 c4 20 5f
0x00007ffab960bdf6:   c3 cc cc cc cc cc cc cc cc cc 48 8b 41 38 48 8d
0x00007ffab960be06:   0d 19 e3 a5 00 48 63 40 10 48 c1 e0 05 8b 04 08
0x00007ffab960be16:   c3 cc cc cc cc cc cc cc cc cc 85 d2 74 0a 48 8b
0x00007ffab960be26:   01 48 ff a0 80 00 00 00 48 8d 05 1b c8 a5 00 c3
0x00007ffab960be36:   cc cc cc cc cc cc cc cc cc cc 48 8b 41 08 48 8b
0x00007ffab960be46:   40 08 83 78 18 02 72 1c 48 8b 40 08 48 8b 40 08
0x00007ffab960be56:   48 85 c0 74 0f 83 78 18 03 75 09 48 8b 40 08 48
0x00007ffab960be66:   8b 40 08 c3 33 c0 c3 cc cc cc 48 8b 41 08 48 8b
0x00007ffab960be76:   40 08 83 78 18 02 72 47 48 8b 40 08 48 8b 40 08
0x00007ffab960be86:   48 85 c0 74 3a 83 78 18 03 75 34 48 8b 40 08 48
0x00007ffab960be96:   8b 40 08 48 85 c0 74 27 83 78 18 03 75 21 48 8b
0x00007ffab960bea6:   40 08 48 8b 48 08 8b 41 2c 83 e0 0f 3c 0c 75 0f
0x00007ffab960beb6:   83 79 18 03 75 09 48 8b 41 08 48 8b 40 08 c3 33
0x00007ffab960bec6:   c0 c3 cc cc cc cc cc cc cc cc 48 83 ec 28 e8 b7 


Stack slot to memory mapping:

stack at sp + 0 slots: 0x000001e215678130 points into unknown readable memory: 0x000001e2156775d0 | d0 75 67 15 e2 01 00 00
stack at sp + 1 slots: 0x00007ffab9b253fb jvm.dll
stack at sp + 2 slots: 0x000001e25dbfd938 points into unknown readable memory: 0x00007ffab9e15e40 | 40 5e e1 b9 fa 7f 00 00
stack at sp + 3 slots: 0x0000000000000040 is an unknown value
stack at sp + 4 slots: 0x000001e25f652ed8 points into unknown readable memory: 0x000000b5c79fe800 | 00 e8 9f c7 b5 00 00 00
stack at sp + 5 slots: 0x00007ffab9b25279 jvm.dll
stack at sp + 6 slots: 0x000001e2156c8fd0 points into unknown readable memory: 0x00007ffab9e15e40 | 40 5e e1 b9 fa 7f 00 00
stack at sp + 7 slots: 0x0000000000000048 is an unknown value


---------------  P R O C E S S  ---------------

Threads class SMR info:
_java_thread_list=0x000001e25f9bff20, length=40, elements={
0x000001e27e974d90, 0x000001e215669e80, 0x000001e21566b5e0, 0x000001e21566d160,
0x000001e21566e070, 0x000001e215675d50, 0x000001e2156767a0, 0x000001e2156775d0,
0x000001e2156ea500, 0x000001e2574601d0, 0x000001e2576a4400, 0x000001e25c4f3ac0,
0x000001e25c44b6b0, 0x000001e25c42c3d0, 0x000001e25c4450c0, 0x000001e25c6f5f10,
0x000001e25cc8a0a0, 0x000001e25ccb0350, 0x000001e25ccb2420, 0x000001e25ccafcc0,
0x000001e25ccb1700, 0x000001e25ccb1d90, 0x000001e25ccb09e0, 0x000001e25ccb2ab0,
0x000001e25ccb3140, 0x000001e25ccb1070, 0x000001e25e06b550, 0x000001e25e06c270,
0x000001e25e06dcb0, 0x000001e25e06e340, 0x000001e25e06f060, 0x000001e25e06fd80,
0x000001e25e06aec0, 0x000001e25e06bbe0, 0x000001e25e069b10, 0x000001e25e06f6f0,
0x000001e25e06c900, 0x000001e25e06a1a0, 0x000001e25e06cf90, 0x000001e25e709fa0
}

Java Threads: ( => current thread )
  0x000001e27e974d90 JavaThread "main"                              [_thread_blocked, id=13940, stack(0x000000b5c6f00000,0x000000b5c7000000) (1024K)]
  0x000001e215669e80 JavaThread "Reference Handler"          daemon [_thread_blocked, id=18052, stack(0x000000b5c7300000,0x000000b5c7400000) (1024K)]
  0x000001e21566b5e0 JavaThread "Finalizer"                  daemon [_thread_blocked, id=14052, stack(0x000000b5c7400000,0x000000b5c7500000) (1024K)]
  0x000001e21566d160 JavaThread "Signal Dispatcher"          daemon [_thread_blocked, id=5920, stack(0x000000b5c7500000,0x000000b5c7600000) (1024K)]
  0x000001e21566e070 JavaThread "Attach Listener"            daemon [_thread_blocked, id=18048, stack(0x000000b5c7600000,0x000000b5c7700000) (1024K)]
  0x000001e215675d50 JavaThread "Service Thread"             daemon [_thread_blocked, id=15068, stack(0x000000b5c7700000,0x000000b5c7800000) (1024K)]
  0x000001e2156767a0 JavaThread "Monitor Deflation Thread"   daemon [_thread_blocked, id=6860, stack(0x000000b5c7800000,0x000000b5c7900000) (1024K)]
=>0x000001e2156775d0 JavaThread "C2 CompilerThread0"         daemon [_thread_in_native, id=15320, stack(0x000000b5c7900000,0x000000b5c7a00000) (1024K)]
  0x000001e2156ea500 JavaThread "C1 CompilerThread0"         daemon [_thread_blocked, id=492, stack(0x000000b5c7a00000,0x000000b5c7b00000) (1024K)]
  0x000001e2574601d0 JavaThread "Common-Cleaner"             daemon [_thread_blocked, id=15764, stack(0x000000b5c7b00000,0x000000b5c7c00000) (1024K)]
  0x000001e2576a4400 JavaThread "Notification Thread"        daemon [_thread_blocked, id=1988, stack(0x000000b5c7c00000,0x000000b5c7d00000) (1024K)]
  0x000001e25c4f3ac0 JavaThread "Active Thread: Equinox Container: 42577c12-1d5a-424b-a756-6534de0c26cf"        [_thread_blocked, id=17856, stack(0x000000b5c8100000,0x000000b5c8200000) (1024K)]
  0x000001e25c44b6b0 JavaThread "Refresh Thread: Equinox Container: 42577c12-1d5a-424b-a756-6534de0c26cf" daemon [_thread_blocked, id=17132, stack(0x000000b5c7d00000,0x000000b5c7e00000) (1024K)]
  0x000001e25c42c3d0 JavaThread "Framework Event Dispatcher: Equinox Container: 42577c12-1d5a-424b-a756-6534de0c26cf" daemon [_thread_blocked, id=16244, stack(0x000000b5c8200000,0x000000b5c8300000) (1024K)]
  0x000001e25c4450c0 JavaThread "Start Level: Equinox Container: 42577c12-1d5a-424b-a756-6534de0c26cf" daemon [_thread_blocked, id=6308, stack(0x000000b5c8300000,0x000000b5c8400000) (1024K)]
  0x000001e25c6f5f10 JavaThread "Bundle File Closer"         daemon [_thread_blocked, id=19080, stack(0x000000b5c8400000,0x000000b5c8500000) (1024K)]
  0x000001e25cc8a0a0 JavaThread "SCR Component Actor"        daemon [_thread_blocked, id=19212, stack(0x000000b5c8500000,0x000000b5c8600000) (1024K)]
  0x000001e25ccb0350 JavaThread "Worker-JM"                         [_thread_blocked, id=12576, stack(0x000000b5c8700000,0x000000b5c8800000) (1024K)]
  0x000001e25ccb2420 JavaThread "JNA Cleaner"                daemon [_thread_blocked, id=13748, stack(0x000000b5c8800000,0x000000b5c8900000) (1024K)]
  0x000001e25ccafcc0 JavaThread "Worker-0"                          [_thread_blocked, id=16856, stack(0x000000b5c8900000,0x000000b5c8a00000) (1024K)]
  0x000001e25ccb1700 JavaThread "Worker-1: Java indexing... "        [_thread_blocked, id=14252, stack(0x000000b5c8a00000,0x000000b5c8b00000) (1024K)]
  0x000001e25ccb1d90 JavaThread "Java indexing"              daemon [_thread_in_Java, id=9588, stack(0x000000b5c8c00000,0x000000b5c8d00000) (1024K)]
  0x000001e25ccb09e0 JavaThread "Worker-2"                          [_thread_blocked, id=15480, stack(0x000000b5c8d00000,0x000000b5c8e00000) (1024K)]
  0x000001e25ccb2ab0 JavaThread "Worker-3: Flushing content description cache."        [_thread_in_vm, id=2208, stack(0x000000b5c8e00000,0x000000b5c8f00000) (1024K)]
  0x000001e25ccb3140 JavaThread "Worker-4"                          [_thread_blocked, id=8700, stack(0x000000b5c9100000,0x000000b5c9200000) (1024K)]
  0x000001e25ccb1070 JavaThread "Worker-5"                          [_thread_blocked, id=9692, stack(0x000000b5c9200000,0x000000b5c9300000) (1024K)]
  0x000001e25e06b550 JavaThread "Thread-2"                   daemon [_thread_in_native, id=8520, stack(0x000000b5c9300000,0x000000b5c9400000) (1024K)]
  0x000001e25e06c270 JavaThread "Thread-3"                   daemon [_thread_in_vm, id=16476, stack(0x000000b5c9400000,0x000000b5c9500000) (1024K)] _threads_hazard_ptr=0x000001e25f9bff20
  0x000001e25e06dcb0 JavaThread "Thread-4"                   daemon [_thread_in_native, id=16600, stack(0x000000b5c9500000,0x000000b5c9600000) (1024K)]
  0x000001e25e06e340 JavaThread "Thread-5"                   daemon [_thread_in_native, id=14552, stack(0x000000b5c9600000,0x000000b5c9700000) (1024K)]
  0x000001e25e06f060 JavaThread "Thread-6"                   daemon [_thread_in_native, id=16896, stack(0x000000b5c9700000,0x000000b5c9800000) (1024K)]
  0x000001e25e06fd80 JavaThread "pool-2-thread-1"                   [_thread_blocked, id=796, stack(0x000000b5c9800000,0x000000b5c9900000) (1024K)]
  0x000001e25e06aec0 JavaThread "WorkspaceEventsHandler"            [_thread_blocked, id=18728, stack(0x000000b5c9900000,0x000000b5c9a00000) (1024K)]
  0x000001e25e06bbe0 JavaThread "pool-1-thread-1"                   [_thread_blocked, id=13172, stack(0x000000b5c9a00000,0x000000b5c9b00000) (1024K)]
  0x000001e25e069b10 JavaThread "Compiler Source File Reader" daemon [_thread_blocked, id=7152, stack(0x000000b5c8b00000,0x000000b5c8c00000) (1024K)]
  0x000001e25e06f6f0 JavaThread "Compiler Source File Reader" daemon [_thread_blocked, id=13640, stack(0x000000b5c9b00000,0x000000b5c9c00000) (1024K)]
  0x000001e25e06c900 JavaThread "Compiler Processing Task"   daemon [_thread_blocked, id=11460, stack(0x000000b5c9c00000,0x000000b5c9d00000) (1024K)]
  0x000001e25e06a1a0 JavaThread "Compiler Class File Writer" daemon [_thread_blocked, id=14848, stack(0x000000b5c8600000,0x000000b5c8700000) (1024K)]
  0x000001e25e06cf90 JavaThread "Compiler Class File Writer" daemon [_thread_blocked, id=11764, stack(0x000000b5c9d00000,0x000000b5c9e00000) (1024K)]
  0x000001e25e709fa0 JavaThread "C2 CompilerThread1"         daemon [_thread_in_native, id=16312, stack(0x000000b5c9e00000,0x000000b5c9f00000) (1024K)]
Total: 40

Other Threads:
  0x000001e21564fee0 VMThread "VM Thread"                           [id=17188, stack(0x000000b5c7200000,0x000000b5c7300000) (1024K)]
  0x000001e2155c1b20 WatcherThread "VM Periodic Task Thread"        [id=12092, stack(0x000000b5c7100000,0x000000b5c7200000) (1024K)]
  0x000001e27f76ec90 WorkerThread "GC Thread#0"                     [id=6468, stack(0x000000b5c7000000,0x000000b5c7100000) (1024K)]
  0x000001e2576ebca0 WorkerThread "GC Thread#1"                     [id=2992, stack(0x000000b5c7e00000,0x000000b5c7f00000) (1024K)]
  0x000001e2576ec040 WorkerThread "GC Thread#2"                     [id=5972, stack(0x000000b5c7f00000,0x000000b5c8000000) (1024K)]
  0x000001e25c337220 WorkerThread "GC Thread#3"                     [id=6656, stack(0x000000b5c8000000,0x000000b5c8100000) (1024K)]
Total: 6

Threads with active compile tasks:
C2 CompilerThread0  19951 7567       4       org.eclipse.jdt.internal.core.search.indexing.BinaryIndexer::extractReferenceFromConstantPool (358 bytes)
C2 CompilerThread1  19951 7676       4       org.eclipse.jdt.internal.compiler.lookup.BinaryTypeBinding::createMethod (1666 bytes)
Total: 2

VM state: not at safepoint (normal execution)

VM Mutex/Monitor currently owned by a thread: None

Heap address: 0x00000000c0000000, size: 1024 MB, Compressed Oops mode: 32-bit

CDS archive(s) mapped at: [0x000001e216000000-0x000001e216ba0000-0x000001e216ba0000), size 12189696, SharedBaseAddress: 0x000001e216000000, ArchiveRelocationMode: 1.
Compressed class space mapped at: 0x000001e217000000-0x000001e257000000, reserved size: 1073741824
Narrow klass base: 0x000001e216000000, Narrow klass shift: 0, Narrow klass range: 0x100000000

GC Precious Log:
 CardTable entry size: 512
 CPUs: 4 total, 4 available
 Memory: 16280M
 Large Page Support: Disabled
 NUMA Support: Disabled
 Compressed Oops: Enabled (32-bit)
 Alignments: Space 512K, Generation 512K, Heap 2M
 Heap Min Capacity: 100M
 Heap Initial Capacity: 100M
 Heap Max Capacity: 1G
 Pre-touch: Disabled
 Parallel Workers: 4

Heap:
 PSYoungGen      total 20480K, used 13648K [0x00000000eab00000, 0x00000000ec400000, 0x0000000100000000)
  eden space 19456K, 65% used [0x00000000eab00000,0x00000000eb75c1c8,0x00000000ebe00000)
  from space 1024K, 96% used [0x00000000ebf00000,0x00000000ebff8168,0x00000000ec000000)
  to   space 3072K, 0% used [0x00000000ec100000,0x00000000ec100000,0x00000000ec400000)
 ParOldGen       total 68608K, used 44437K [0x00000000c0000000, 0x00000000c4300000, 0x00000000eab00000)
  object space 68608K, 64% used [0x00000000c0000000,0x00000000c2b65740,0x00000000c4300000)
 Metaspace       used 55159K, committed 56384K, reserved 1114112K
  class space    used 5750K, committed 6272K, reserved 1048576K

Card table byte_map: [0x000001e27f100000,0x000001e27f310000] _byte_map_base: 0x000001e27eb00000

Marking Bits: (ParMarkBitMap*) 0x00007ffaba0e31f0
 Begin Bits: [0x000001e213540000, 0x000001e214540000)
 End Bits:   [0x000001e214540000, 0x000001e215540000)

Polling page: 0x000001e27ebd0000

Metaspace:

Usage:
  Non-class:     48.25 MB used.
      Class:      5.62 MB used.
       Both:     53.87 MB used.

Virtual space:
  Non-class space:       64.00 MB reserved,      48.94 MB ( 76%) committed,  1 nodes.
      Class space:        1.00 GB reserved,       6.12 MB ( <1%) committed,  1 nodes.
             Both:        1.06 GB reserved,      55.06 MB (  5%) committed. 

Chunk freelists:
   Non-Class:  14.73 MB
       Class:  9.77 MB
        Both:  24.50 MB

MaxMetaspaceSize: unlimited
CompressedClassSpaceSize: 1.00 GB
Initial GC threshold: 21.00 MB
Current GC threshold: 58.38 MB
CDS: on
 - commit_granule_bytes: 65536.
 - commit_granule_words: 8192.
 - virtual_space_node_default_size: 8388608.
 - enlarge_chunks_in_place: 1.
 - use_allocation_guard: 0.


Internal statistics:

num_allocs_failed_limit: 6.
num_arena_births: 928.
num_arena_deaths: 14.
num_vsnodes_births: 2.
num_vsnodes_deaths: 0.
num_space_committed: 881.
num_space_uncommitted: 0.
num_chunks_returned_to_freelist: 20.
num_chunks_taken_from_freelist: 3317.
num_chunk_merges: 10.
num_chunk_splits: 2113.
num_chunks_enlarged: 1314.
num_inconsistent_stats: 0.

CodeHeap 'non-profiled nmethods': size=120000Kb used=4697Kb max_used=4697Kb free=115302Kb
 bounds [0x000001e20c010000, 0x000001e20c4b0000, 0x000001e213540000]
CodeHeap 'profiled nmethods': size=120000Kb used=16213Kb max_used=16213Kb free=103786Kb
 bounds [0x000001e204540000, 0x000001e205520000, 0x000001e20ba70000]
CodeHeap 'non-nmethods': size=5760Kb used=1413Kb max_used=1470Kb free=4347Kb
 bounds [0x000001e20ba70000, 0x000001e20bce0000, 0x000001e20c010000]
 total_blobs=7926 nmethods=7201 adapters=631
 compilation: enabled
              stopped_count=0, restarted_count=0
 full_count=0

Compilation events (20 events):
Event: 19.785 Thread 0x000001e25e709fa0 nmethod 7601 0x000001e20c497c90 code [0x000001e20c497e60, 0x000001e20c498308]
Event: 19.785 Thread 0x000001e25e709fa0 7602       4       java.util.ArrayList::toArray (12 bytes)
Event: 19.785 Thread 0x000001e2156ea500 nmethod 7605 0x000001e2054a4d10 code [0x000001e2054a4fc0, 0x000001e2054a5ec8]
Event: 19.786 Thread 0x000001e2156ea500 7607       3       org.eclipse.jdt.internal.compiler.util.SortedCharArrays$$Lambda/0x000001e2175f11a0::compare (12 bytes)
Event: 19.786 Thread 0x000001e2156ea500 nmethod 7607 0x000001e2054a6310 code [0x000001e2054a64c0, 0x000001e2054a67e0]
Event: 19.786 Thread 0x000001e2156ea500 7606       1       org.eclipse.jdt.internal.compiler.lookup.TypeBinding::getTypeAnnotations (5 bytes)
Event: 19.786 Thread 0x000001e2156ea500 nmethod 7606 0x000001e20c498590 code [0x000001e20c498720, 0x000001e20c4987e8]
Event: 19.790 Thread 0x000001e2156ea500 7609       3       org.eclipse.jdt.internal.core.search.indexing.BinaryIndexer::addTypeReference (92 bytes)
Event: 19.790 Thread 0x000001e2156ea500 nmethod 7609 0x000001e2054a6910 code [0x000001e2054a6b60, 0x000001e2054a75b8]
Event: 19.790 Thread 0x000001e2156ea500 7610       3       org.eclipse.jdt.internal.compiler.classfmt.MethodInfo::decodeMethodAnnotations (177 bytes)
Event: 19.791 Thread 0x000001e2156ea500 nmethod 7610 0x000001e2054a7990 code [0x000001e2054a7bc0, 0x000001e2054a85c8]
Event: 19.791 Thread 0x000001e25e709fa0 nmethod 7602 0x000001e20c498890 code [0x000001e20c498a20, 0x000001e20c498d40]
Event: 19.791 Thread 0x000001e2156ea500 7611       3       org.eclipse.jdt.internal.compiler.classfmt.MethodInfoWithAnnotations::<init> (90 bytes)
Event: 19.791 Thread 0x000001e25e709fa0 7608       4       sun.nio.fs.WindowsPath::hashCode (52 bytes)
Event: 19.792 Thread 0x000001e2156ea500 nmethod 7611 0x000001e2054a8990 code [0x000001e2054a8b40, 0x000001e2054a8e60]
Event: 19.795 Thread 0x000001e25e709fa0 nmethod 7608 0x000001e20c498e90 code [0x000001e20c499060, 0x000001e20c4993a0]
Event: 19.795 Thread 0x000001e25e709fa0 7612  s    4       org.eclipse.jdt.internal.compiler.classfmt.MethodInfo::readModifierRelatedAttributes (213 bytes)
Event: 19.796 Thread 0x000001e2156ea500 7613       3       org.eclipse.jdt.internal.compiler.lookup.TypeBinding::leafComponentType (2 bytes)
Event: 19.796 Thread 0x000001e2156ea500 nmethod 7613 0x000001e2054a9010 code [0x000001e2054a91a0, 0x000001e2054a92b0]
Event: 19.797 Thread 0x000001e2156ea500 7615   !   3       org.eclipse.jdt.internal.compiler.classfmt.ClassFileReader::<init> (2135 bytes)

GC Heap History (20 events):
Event: 13.767 GC heap before
{Heap before GC invocations=24 (full 2):
 PSYoungGen      total 23552K, used 23251K [0x00000000eab00000, 0x00000000ec480000, 0x0000000100000000)
  eden space 20992K, 100% used [0x00000000eab00000,0x00000000ebf80000,0x00000000ebf80000)
  from space 2560K, 88% used [0x00000000ebf80000,0x00000000ec1b4e20,0x00000000ec200000)
  to   space 2560K, 0% used [0x00000000ec200000,0x00000000ec200000,0x00000000ec480000)
 ParOldGen       total 68608K, used 28242K [0x00000000c0000000, 0x00000000c4300000, 0x00000000eab00000)
  object space 68608K, 41% used [0x00000000c0000000,0x00000000c1b949b0,0x00000000c4300000)
 Metaspace       used 45748K, committed 46912K, reserved 1114112K
  class space    used 4840K, committed 5376K, reserved 1048576K
}
Event: 13.771 GC heap after
{Heap after GC invocations=24 (full 2):
 PSYoungGen      total 23040K, used 1924K [0x00000000eab00000, 0x00000000ec400000, 0x0000000100000000)
  eden space 20992K, 0% used [0x00000000eab00000,0x00000000eab00000,0x00000000ebf80000)
  from space 2048K, 93% used [0x00000000ec200000,0x00000000ec3e1000,0x00000000ec400000)
  to   space 2048K, 0% used [0x00000000ec000000,0x00000000ec000000,0x00000000ec200000)
 ParOldGen       total 68608K, used 30248K [0x00000000c0000000, 0x00000000c4300000, 0x00000000eab00000)
  object space 68608K, 44% used [0x00000000c0000000,0x00000000c1d8a370,0x00000000c4300000)
 Metaspace       used 45748K, committed 46912K, reserved 1114112K
  class space    used 4840K, committed 5376K, reserved 1048576K
}
Event: 14.002 GC heap before
{Heap before GC invocations=25 (full 2):
 PSYoungGen      total 23040K, used 22916K [0x00000000eab00000, 0x00000000ec400000, 0x0000000100000000)
  eden space 20992K, 100% used [0x00000000eab00000,0x00000000ebf80000,0x00000000ebf80000)
  from space 2048K, 93% used [0x00000000ec200000,0x00000000ec3e1000,0x00000000ec400000)
  to   space 2048K, 0% used [0x00000000ec000000,0x00000000ec000000,0x00000000ec200000)
 ParOldGen       total 68608K, used 30248K [0x00000000c0000000, 0x00000000c4300000, 0x00000000eab00000)
  object space 68608K, 44% used [0x00000000c0000000,0x00000000c1d8a370,0x00000000c4300000)
 Metaspace       used 45788K, committed 46976K, reserved 1114112K
  class space    used 4844K, committed 5376K, reserved 1048576K
}
Event: 14.007 GC heap after
{Heap after GC invocations=25 (full 2):
 PSYoungGen      total 23040K, used 2016K [0x00000000eab00000, 0x00000000ec880000, 0x0000000100000000)
  eden space 20992K, 0% used [0x00000000eab00000,0x00000000eab00000,0x00000000ebf80000)
  from space 2048K, 98% used [0x00000000ec000000,0x00000000ec1f8010,0x00000000ec200000)
  to   space 4608K, 0% used [0x00000000ec400000,0x00000000ec400000,0x00000000ec880000)
 ParOldGen       total 68608K, used 32070K [0x00000000c0000000, 0x00000000c4300000, 0x00000000eab00000)
  object space 68608K, 46% used [0x00000000c0000000,0x00000000c1f51998,0x00000000c4300000)
 Metaspace       used 45788K, committed 46976K, reserved 1114112K
  class space    used 4844K, committed 5376K, reserved 1048576K
}
Event: 14.774 GC heap before
{Heap before GC invocations=26 (full 2):
 PSYoungGen      total 23040K, used 23008K [0x00000000eab00000, 0x00000000ec880000, 0x0000000100000000)
  eden space 20992K, 100% used [0x00000000eab00000,0x00000000ebf80000,0x00000000ebf80000)
  from space 2048K, 98% used [0x00000000ec000000,0x00000000ec1f8010,0x00000000ec200000)
  to   space 4608K, 0% used [0x00000000ec400000,0x00000000ec400000,0x00000000ec880000)
 ParOldGen       total 68608K, used 32070K [0x00000000c0000000, 0x00000000c4300000, 0x00000000eab00000)
  object space 68608K, 46% used [0x00000000c0000000,0x00000000c1f51998,0x00000000c4300000)
 Metaspace       used 46023K, committed 47232K, reserved 1114112K
  class space    used 4870K, committed 5376K, reserved 1048576K
}
Event: 14.780 GC heap after
{Heap after GC invocations=26 (full 2):
 PSYoungGen      total 23040K, used 1656K [0x00000000eab00000, 0x00000000ec600000, 0x0000000100000000)
  eden space 20992K, 0% used [0x00000000eab00000,0x00000000eab00000,0x00000000ebf80000)
  from space 2048K, 80% used [0x00000000ec400000,0x00000000ec59e200,0x00000000ec600000)
  to   space 2560K, 0% used [0x00000000ec100000,0x00000000ec100000,0x00000000ec380000)
 ParOldGen       total 68608K, used 34070K [0x00000000c0000000, 0x00000000c4300000, 0x00000000eab00000)
  object space 68608K, 49% used [0x00000000c0000000,0x00000000c21459a8,0x00000000c4300000)
 Metaspace       used 46023K, committed 47232K, reserved 1114112K
  class space    used 4870K, committed 5376K, reserved 1048576K
}
Event: 15.062 GC heap before
{Heap before GC invocations=27 (full 2):
 PSYoungGen      total 23040K, used 22647K [0x00000000eab00000, 0x00000000ec600000, 0x0000000100000000)
  eden space 20992K, 99% used [0x00000000eab00000,0x00000000ebf7fbe0,0x00000000ebf80000)
  from space 2048K, 80% used [0x00000000ec400000,0x00000000ec59e200,0x00000000ec600000)
  to   space 2560K, 0% used [0x00000000ec100000,0x00000000ec100000,0x00000000ec380000)
 ParOldGen       total 68608K, used 34070K [0x00000000c0000000, 0x00000000c4300000, 0x00000000eab00000)
  object space 68608K, 49% used [0x00000000c0000000,0x00000000c21459a8,0x00000000c4300000)
 Metaspace       used 47267K, committed 48448K, reserved 1114112K
  class space    used 4990K, committed 5504K, reserved 1048576K
}
Event: 15.066 GC heap after
{Heap after GC invocations=27 (full 2):
 PSYoungGen      total 23552K, used 2342K [0x00000000eab00000, 0x00000000ec480000, 0x0000000100000000)
  eden space 20992K, 0% used [0x00000000eab00000,0x00000000eab00000,0x00000000ebf80000)
  from space 2560K, 91% used [0x00000000ec100000,0x00000000ec3499a0,0x00000000ec380000)
  to   space 1024K, 0% used [0x00000000ec380000,0x00000000ec380000,0x00000000ec480000)
 ParOldGen       total 68608K, used 35686K [0x00000000c0000000, 0x00000000c4300000, 0x00000000eab00000)
  object space 68608K, 52% used [0x00000000c0000000,0x00000000c22d9ba8,0x00000000c4300000)
 Metaspace       used 47267K, committed 48448K, reserved 1114112K
  class space    used 4990K, committed 5504K, reserved 1048576K
}
Event: 16.936 GC heap before
{Heap before GC invocations=28 (full 2):
 PSYoungGen      total 23552K, used 23334K [0x00000000eab00000, 0x00000000ec480000, 0x0000000100000000)
  eden space 20992K, 100% used [0x00000000eab00000,0x00000000ebf80000,0x00000000ebf80000)
  from space 2560K, 91% used [0x00000000ec100000,0x00000000ec3499a0,0x00000000ec380000)
  to   space 1024K, 0% used [0x00000000ec380000,0x00000000ec380000,0x00000000ec480000)
 ParOldGen       total 68608K, used 35686K [0x00000000c0000000, 0x00000000c4300000, 0x00000000eab00000)
  object space 68608K, 52% used [0x00000000c0000000,0x00000000c22d9ba8,0x00000000c4300000)
 Metaspace       used 49605K, committed 50752K, reserved 1114112K
  class space    used 5236K, committed 5760K, reserved 1048576K
}
Event: 16.939 GC heap after
{Heap after GC invocations=28 (full 2):
 PSYoungGen      total 21504K, used 996K [0x00000000eab00000, 0x00000000ec880000, 0x0000000100000000)
  eden space 20480K, 0% used [0x00000000eab00000,0x00000000eab00000,0x00000000ebf00000)
  from space 1024K, 97% used [0x00000000ec380000,0x00000000ec479138,0x00000000ec480000)
  to   space 4608K, 0% used [0x00000000ebf00000,0x00000000ebf00000,0x00000000ec380000)
 ParOldGen       total 68608K, used 38565K [0x00000000c0000000, 0x00000000c4300000, 0x00000000eab00000)
  object space 68608K, 56% used [0x00000000c0000000,0x00000000c25a9700,0x00000000c4300000)
 Metaspace       used 49605K, committed 50752K, reserved 1114112K
  class space    used 5236K, committed 5760K, reserved 1048576K
}
Event: 17.775 GC heap before
{Heap before GC invocations=29 (full 2):
 PSYoungGen      total 21504K, used 21476K [0x00000000eab00000, 0x00000000ec880000, 0x0000000100000000)
  eden space 20480K, 100% used [0x00000000eab00000,0x00000000ebf00000,0x00000000ebf00000)
  from space 1024K, 97% used [0x00000000ec380000,0x00000000ec479138,0x00000000ec480000)
  to   space 4608K, 0% used [0x00000000ebf00000,0x00000000ebf00000,0x00000000ec380000)
 ParOldGen       total 68608K, used 38565K [0x00000000c0000000, 0x00000000c4300000, 0x00000000eab00000)
  object space 68608K, 56% used [0x00000000c0000000,0x00000000c25a9700,0x00000000c4300000)
 Metaspace       used 50900K, committed 52096K, reserved 1114112K
  class space    used 5363K, committed 5888K, reserved 1048576K
}
Event: 17.776 GC heap after
{Heap after GC invocations=29 (full 2):
 PSYoungGen      total 21504K, used 539K [0x00000000eab00000, 0x00000000ec400000, 0x0000000100000000)
  eden space 20480K, 0% used [0x00000000eab00000,0x00000000eab00000,0x00000000ebf00000)
  from space 1024K, 52% used [0x00000000ebf00000,0x00000000ebf86c08,0x00000000ec000000)
  to   space 2048K, 0% used [0x00000000ec200000,0x00000000ec200000,0x00000000ec400000)
 ParOldGen       total 68608K, used 39527K [0x00000000c0000000, 0x00000000c4300000, 0x00000000eab00000)
  object space 68608K, 57% used [0x00000000c0000000,0x00000000c2699c20,0x00000000c4300000)
 Metaspace       used 50900K, committed 52096K, reserved 1114112K
  class space    used 5363K, committed 5888K, reserved 1048576K
}
Event: 18.273 GC heap before
{Heap before GC invocations=30 (full 2):
 PSYoungGen      total 21504K, used 21008K [0x00000000eab00000, 0x00000000ec400000, 0x0000000100000000)
  eden space 20480K, 99% used [0x00000000eab00000,0x00000000ebefd480,0x00000000ebf00000)
  from space 1024K, 52% used [0x00000000ebf00000,0x00000000ebf86c08,0x00000000ec000000)
  to   space 2048K, 0% used [0x00000000ec200000,0x00000000ec200000,0x00000000ec400000)
 ParOldGen       total 68608K, used 39527K [0x00000000c0000000, 0x00000000c4300000, 0x00000000eab00000)
  object space 68608K, 57% used [0x00000000c0000000,0x00000000c2699c20,0x00000000c4300000)
 Metaspace       used 52149K, committed 53376K, reserved 1114112K
  class space    used 5472K, committed 6016K, reserved 1048576K
}
Event: 18.275 GC heap after
{Heap after GC invocations=30 (full 2):
 PSYoungGen      total 21504K, used 2021K [0x00000000eab00000, 0x00000000ec700000, 0x0000000100000000)
  eden space 19456K, 0% used [0x00000000eab00000,0x00000000eab00000,0x00000000ebe00000)
  from space 2048K, 98% used [0x00000000ec200000,0x00000000ec3f9418,0x00000000ec400000)
  to   space 4096K, 0% used [0x00000000ebe00000,0x00000000ebe00000,0x00000000ec200000)
 ParOldGen       total 68608K, used 40624K [0x00000000c0000000, 0x00000000c4300000, 0x00000000eab00000)
  object space 68608K, 59% used [0x00000000c0000000,0x00000000c27ac300,0x00000000c4300000)
 Metaspace       used 52149K, committed 53376K, reserved 1114112K
  class space    used 5472K, committed 6016K, reserved 1048576K
}
Event: 18.394 GC heap before
{Heap before GC invocations=31 (full 2):
 PSYoungGen      total 21504K, used 21477K [0x00000000eab00000, 0x00000000ec700000, 0x0000000100000000)
  eden space 19456K, 100% used [0x00000000eab00000,0x00000000ebe00000,0x00000000ebe00000)
  from space 2048K, 98% used [0x00000000ec200000,0x00000000ec3f9418,0x00000000ec400000)
  to   space 4096K, 0% used [0x00000000ebe00000,0x00000000ebe00000,0x00000000ec200000)
 ParOldGen       total 68608K, used 40624K [0x00000000c0000000, 0x00000000c4300000, 0x00000000eab00000)
  object space 68608K, 59% used [0x00000000c0000000,0x00000000c27ac300,0x00000000c4300000)
 Metaspace       used 52237K, committed 53440K, reserved 1114112K
  class space    used 5473K, committed 6016K, reserved 1048576K
}
Event: 18.396 GC heap after
{Heap after GC invocations=31 (full 2):
 PSYoungGen      total 22016K, used 2157K [0x00000000eab00000, 0x00000000ec300000, 0x0000000100000000)
  eden space 19456K, 0% used [0x00000000eab00000,0x00000000eab00000,0x00000000ebe00000)
  from space 2560K, 84% used [0x00000000ebe00000,0x00000000ec01b780,0x00000000ec080000)
  to   space 2560K, 0% used [0x00000000ec080000,0x00000000ec080000,0x00000000ec300000)
 ParOldGen       total 68608K, used 41762K [0x00000000c0000000, 0x00000000c4300000, 0x00000000eab00000)
  object space 68608K, 60% used [0x00000000c0000000,0x00000000c28c8b90,0x00000000c4300000)
 Metaspace       used 52237K, committed 53440K, reserved 1114112K
  class space    used 5473K, committed 6016K, reserved 1048576K
}
Event: 18.451 GC heap before
{Heap before GC invocations=32 (full 2):
 PSYoungGen      total 22016K, used 21613K [0x00000000eab00000, 0x00000000ec300000, 0x0000000100000000)
  eden space 19456K, 100% used [0x00000000eab00000,0x00000000ebe00000,0x00000000ebe00000)
  from space 2560K, 84% used [0x00000000ebe00000,0x00000000ec01b780,0x00000000ec080000)
  to   space 2560K, 0% used [0x00000000ec080000,0x00000000ec080000,0x00000000ec300000)
 ParOldGen       total 68608K, used 41762K [0x00000000c0000000, 0x00000000c4300000, 0x00000000eab00000)
  object space 68608K, 60% used [0x00000000c0000000,0x00000000c28c8b90,0x00000000c4300000)
 Metaspace       used 52582K, committed 53760K, reserved 1114112K
  class space    used 5497K, committed 6016K, reserved 1048576K
}
Event: 18.452 GC heap after
{Heap after GC invocations=32 (full 2):
 PSYoungGen      total 19968K, used 160K [0x00000000eab00000, 0x00000000ec100000, 0x0000000100000000)
  eden space 19456K, 0% used [0x00000000eab00000,0x00000000eab00000,0x00000000ebe00000)
  from space 512K, 31% used [0x00000000ec080000,0x00000000ec0a8000,0x00000000ec100000)
  to   space 1024K, 0% used [0x00000000ebf00000,0x00000000ebf00000,0x00000000ec000000)
 ParOldGen       total 68608K, used 42917K [0x00000000c0000000, 0x00000000c4300000, 0x00000000eab00000)
  object space 68608K, 62% used [0x00000000c0000000,0x00000000c29e97a8,0x00000000c4300000)
 Metaspace       used 52582K, committed 53760K, reserved 1114112K
  class space    used 5497K, committed 6016K, reserved 1048576K
}
Event: 19.651 GC heap before
{Heap before GC invocations=33 (full 2):
 PSYoungGen      total 19968K, used 19616K [0x00000000eab00000, 0x00000000ec100000, 0x0000000100000000)
  eden space 19456K, 100% used [0x00000000eab00000,0x00000000ebe00000,0x00000000ebe00000)
  from space 512K, 31% used [0x00000000ec080000,0x00000000ec0a8000,0x00000000ec100000)
  to   space 1024K, 0% used [0x00000000ebf00000,0x00000000ebf00000,0x00000000ec000000)
 ParOldGen       total 68608K, used 42917K [0x00000000c0000000, 0x00000000c4300000, 0x00000000eab00000)
  object space 68608K, 62% used [0x00000000c0000000,0x00000000c29e97a8,0x00000000c4300000)
 Metaspace       used 54651K, committed 55872K, reserved 1114112K
  class space    used 5718K, committed 6272K, reserved 1048576K
}
Event: 19.654 GC heap after
{Heap after GC invocations=33 (full 2):
 PSYoungGen      total 20480K, used 992K [0x00000000eab00000, 0x00000000ec400000, 0x0000000100000000)
  eden space 19456K, 0% used [0x00000000eab00000,0x00000000eab00000,0x00000000ebe00000)
  from space 1024K, 96% used [0x00000000ebf00000,0x00000000ebff8168,0x00000000ec000000)
  to   space 3072K, 0% used [0x00000000ec100000,0x00000000ec100000,0x00000000ec400000)
 ParOldGen       total 68608K, used 44437K [0x00000000c0000000, 0x00000000c4300000, 0x00000000eab00000)
  object space 68608K, 64% used [0x00000000c0000000,0x00000000c2b65740,0x00000000c4300000)
 Metaspace       used 54651K, committed 55872K, reserved 1114112K
  class space    used 5718K, committed 6272K, reserved 1048576K
}

Dll operation events (10 events):
Event: 0.014 Loaded shared library c:\Users\Diak\.vscode\extensions\redhat.java-1.42.0-win32-x64\jre\21.0.7-win32-x86_64\bin\java.dll
Event: 0.095 Loaded shared library c:\Users\Diak\.vscode\extensions\redhat.java-1.42.0-win32-x64\jre\21.0.7-win32-x86_64\bin\zip.dll
Event: 0.190 Loaded shared library C:\Users\Diak\.vscode\extensions\redhat.java-1.42.0-win32-x64\jre\21.0.7-win32-x86_64\bin\instrument.dll
Event: 0.193 Loaded shared library C:\Users\Diak\.vscode\extensions\redhat.java-1.42.0-win32-x64\jre\21.0.7-win32-x86_64\bin\net.dll
Event: 0.195 Loaded shared library C:\Users\Diak\.vscode\extensions\redhat.java-1.42.0-win32-x64\jre\21.0.7-win32-x86_64\bin\nio.dll
Event: 0.198 Loaded shared library C:\Users\Diak\.vscode\extensions\redhat.java-1.42.0-win32-x64\jre\21.0.7-win32-x86_64\bin\zip.dll
Event: 0.246 Loaded shared library C:\Users\Diak\.vscode\extensions\redhat.java-1.42.0-win32-x64\jre\21.0.7-win32-x86_64\bin\jimage.dll
Event: 0.433 Loaded shared library c:\Users\Diak\.vscode\extensions\redhat.java-1.42.0-win32-x64\jre\21.0.7-win32-x86_64\bin\verify.dll
Event: 3.113 Loaded shared library C:\Users\Diak\AppData\Roaming\Code\User\globalStorage\redhat.java\1.42.0\config_win\org.eclipse.equinox.launcher\org.eclipse.equinox.launcher.win32.win32.x86_64_1.2.1300.v20250331-1702\eclipse_11911.dll
Event: 5.850 Loaded shared library C:\Users\Diak\AppData\Local\Temp\jna-2129807\jna10438766884318325235.dll

Deoptimization events (20 events):
Event: 19.426 Thread 0x000001e25ccb1d90 DEOPT PACKING pc=0x000001e20c3f1a04 sp=0x000000b5c8cfe430
Event: 19.426 Thread 0x000001e25ccb1d90 DEOPT UNPACKING pc=0x000001e20bac3aa2 sp=0x000000b5c8cfe3a0 mode 2
Event: 19.434 Thread 0x000001e25e06c900 Uncommon trap: trap_request=0xffffff45 fr.pc=0x000001e20c3ee090 relative=0x0000000000000530
Event: 19.434 Thread 0x000001e25e06c900 Uncommon trap: reason=unstable_if action=reinterpret pc=0x000001e20c3ee090 method=org.eclipse.jdt.internal.compiler.util.HashtableOfObject.get([C)Ljava/lang/Object; @ 37 c2
Event: 19.434 Thread 0x000001e25e06c900 DEOPT PACKING pc=0x000001e20c3ee090 sp=0x000000b5c9cfef40
Event: 19.434 Thread 0x000001e25e06c900 DEOPT UNPACKING pc=0x000001e20bac3aa2 sp=0x000000b5c9cfeed0 mode 2
Event: 19.666 Thread 0x000001e25e06c900 Uncommon trap: trap_request=0xffffff45 fr.pc=0x000001e20c3e5bd8 relative=0x0000000000000298
Event: 19.666 Thread 0x000001e25e06c900 Uncommon trap: reason=unstable_if action=reinterpret pc=0x000001e20c3e5bd8 method=org.eclipse.jdt.internal.compiler.classfmt.ClassFileStruct.utf8At(II)[C @ 46 c2
Event: 19.666 Thread 0x000001e25e06c900 DEOPT PACKING pc=0x000001e20c3e5bd8 sp=0x000000b5c9cfe7a0
Event: 19.666 Thread 0x000001e25e06c900 DEOPT UNPACKING pc=0x000001e20bac3aa2 sp=0x000000b5c9cfe738 mode 2
Event: 19.776 Thread 0x000001e25ccb1d90 DEOPT PACKING pc=0x000001e20530c883 sp=0x000000b5c8cfe2e0
Event: 19.776 Thread 0x000001e25ccb1d90 DEOPT UNPACKING pc=0x000001e20bac4242 sp=0x000000b5c8cfd848 mode 0
Event: 19.782 Thread 0x000001e25ccb1d90 Uncommon trap: trap_request=0xffffff45 fr.pc=0x000001e20c458e64 relative=0x0000000000000564
Event: 19.782 Thread 0x000001e25ccb1d90 Uncommon trap: reason=unstable_if action=reinterpret pc=0x000001e20c458e64 method=org.eclipse.jdt.internal.core.search.indexing.BinaryIndexer.addTypeReference([C)V @ 23 c2
Event: 19.782 Thread 0x000001e25ccb1d90 DEOPT PACKING pc=0x000001e20c458e64 sp=0x000000b5c8cfe260
Event: 19.782 Thread 0x000001e25ccb1d90 DEOPT UNPACKING pc=0x000001e20bac3aa2 sp=0x000000b5c8cfe238 mode 2
Event: 19.795 Thread 0x000001e25e06c900 Uncommon trap: trap_request=0xffffff45 fr.pc=0x000001e20c473904 relative=0x0000000000006664
Event: 19.795 Thread 0x000001e25e06c900 Uncommon trap: reason=unstable_if action=reinterpret pc=0x000001e20c473904 method=org.eclipse.jdt.internal.compiler.classfmt.ClassFileReader.<init>([B[CZ)V @ 786 c2
Event: 19.795 Thread 0x000001e25e06c900 DEOPT PACKING pc=0x000001e20c473904 sp=0x000000b5c9cfdc20
Event: 19.795 Thread 0x000001e25e06c900 DEOPT UNPACKING pc=0x000001e20bac3aa2 sp=0x000000b5c9cfdbd0 mode 2

Classes loaded (20 events):
Event: 18.686 Loading class java/nio/file/Files$2
Event: 18.687 Loading class java/nio/file/Files$2 done
Event: 18.772 Loading class java/util/concurrent/ArrayBlockingQueue
Event: 18.772 Loading class java/util/concurrent/ArrayBlockingQueue done
Event: 19.581 Loading class java/util/Hashtable$ValueCollection
Event: 19.581 Loading class java/util/Hashtable$ValueCollection done
Event: 19.602 Loading class java/util/stream/ReferencePipeline$4
Event: 19.602 Loading class java/util/stream/ReferencePipeline$4 done
Event: 19.610 Loading class java/util/stream/Nodes$IntFixedNodeBuilder
Event: 19.610 Loading class java/util/stream/Node$Builder$OfInt
Event: 19.612 Loading class java/util/stream/Node$Builder$OfInt done
Event: 19.612 Loading class java/util/stream/Nodes$IntArrayNode
Event: 19.612 Loading class java/util/stream/Nodes$IntArrayNode done
Event: 19.612 Loading class java/util/stream/Nodes$IntFixedNodeBuilder done
Event: 19.613 Loading class java/util/stream/ReferencePipeline$4$1
Event: 19.613 Loading class java/util/stream/ReferencePipeline$4$1 done
Event: 19.613 Loading class java/util/concurrent/ConcurrentHashMap$KeySpliterator
Event: 19.613 Loading class java/util/concurrent/ConcurrentHashMap$KeySpliterator done
Event: 19.618 Loading class sun/nio/ch/ChannelOutputStream
Event: 19.618 Loading class sun/nio/ch/ChannelOutputStream done

Classes unloaded (7 events):
Event: 6.977 Thread 0x000001e21564fee0 Unloading class 0x000001e2171a3800 'java/lang/invoke/LambdaForm$MH+0x000001e2171a3800'
Event: 6.977 Thread 0x000001e21564fee0 Unloading class 0x000001e2171a3400 'java/lang/invoke/LambdaForm$MH+0x000001e2171a3400'
Event: 6.977 Thread 0x000001e21564fee0 Unloading class 0x000001e2171a3000 'java/lang/invoke/LambdaForm$MH+0x000001e2171a3000'
Event: 6.977 Thread 0x000001e21564fee0 Unloading class 0x000001e2171a2c00 'java/lang/invoke/LambdaForm$MH+0x000001e2171a2c00'
Event: 6.977 Thread 0x000001e21564fee0 Unloading class 0x000001e2171a2800 'java/lang/invoke/LambdaForm$BMH+0x000001e2171a2800'
Event: 6.977 Thread 0x000001e21564fee0 Unloading class 0x000001e2171a2400 'java/lang/invoke/LambdaForm$DMH+0x000001e2171a2400'
Event: 6.977 Thread 0x000001e21564fee0 Unloading class 0x000001e2171a1400 'java/lang/invoke/LambdaForm$DMH+0x000001e2171a1400'

Classes redefined (0 events):
No events

Internal exceptions (20 events):
Event: 13.506 Thread 0x000001e25ccb09e0 Exception <a 'java/io/FileNotFoundException'{0x00000000eb309098}> (0x00000000eb309098) 
thrown [s\src\hotspot\share\prims\jni.cpp, line 520]
Event: 13.506 Thread 0x000001e25ccb09e0 Exception <a 'java/io/FileNotFoundException'{0x00000000eb30a858}> (0x00000000eb30a858) 
thrown [s\src\hotspot\share\prims\jni.cpp, line 520]
Event: 13.508 Thread 0x000001e25ccb09e0 Exception <a 'java/lang/NoSuchMethodError'{0x00000000eb318ab8}: 'java.lang.Object java.lang.invoke.DirectMethodHandle$Holder.newInvokeSpecial(java.lang.Object, java.lang.Object, java.lang.Object, int)'> (0x00000000eb318ab8) 
thrown [s\src\hotspot\share\interpreter\linkResolver.cpp, line 773]
Event: 13.509 Thread 0x000001e25ccb09e0 Exception <a 'java/lang/NoSuchMethodError'{0x00000000eb31ca20}: 'java.lang.Object java.lang.invoke.DirectMethodHandle$Holder.invokeSpecial(java.lang.Object, java.lang.Object, java.lang.Object, java.lang.Object, int)'> (0x00000000eb31ca20) 
thrown [s\src\hotspot\share\interpreter\linkResolver.cpp, line 773]
Event: 13.509 Thread 0x000001e25ccb09e0 Exception <a 'java/lang/NoSuchMethodError'{0x00000000eb3206c0}: 'java.lang.Object java.lang.invoke.Invokers$Holder.linkToTargetMethod(java.lang.Object, java.lang.Object, int, java.lang.Object)'> (0x00000000eb3206c0) 
thrown [s\src\hotspot\share\interpreter\linkResolver.cpp, line 773]
Event: 14.940 Thread 0x000001e25ccb09e0 Exception <a 'java/io/FileNotFoundException'{0x00000000eb72ef40}> (0x00000000eb72ef40) 
thrown [s\src\hotspot\share\prims\jni.cpp, line 520]
Event: 14.941 Thread 0x000001e25ccb09e0 Exception <a 'java/io/FileNotFoundException'{0x00000000eb72ff38}> (0x00000000eb72ff38) 
thrown [s\src\hotspot\share\prims\jni.cpp, line 520]
Event: 14.941 Thread 0x000001e25ccb09e0 Exception <a 'java/io/FileNotFoundException'{0x00000000eb730ca8}> (0x00000000eb730ca8) 
thrown [s\src\hotspot\share\prims\jni.cpp, line 520]
Event: 15.006 Thread 0x000001e25ccb2ab0 Exception <a 'java/io/FileNotFoundException'{0x00000000ebb93ed0}> (0x00000000ebb93ed0) 
thrown [s\src\hotspot\share\prims\jni.cpp, line 520]
Event: 15.006 Thread 0x000001e25ccb2ab0 Exception <a 'java/io/FileNotFoundException'{0x00000000ebb9c5d0}> (0x00000000ebb9c5d0) 
thrown [s\src\hotspot\share\prims\jni.cpp, line 520]
Event: 15.006 Thread 0x000001e25ccb2ab0 Exception <a 'java/io/FileNotFoundException'{0x00000000ebb9dd88}> (0x00000000ebb9dd88) 
thrown [s\src\hotspot\share\prims\jni.cpp, line 520]
Event: 15.007 Thread 0x000001e25ccb2ab0 Exception <a 'java/io/FileNotFoundException'{0x00000000ebb9f038}> (0x00000000ebb9f038) 
thrown [s\src\hotspot\share\prims\jni.cpp, line 520]
Event: 15.007 Thread 0x000001e25ccb2ab0 Exception <a 'java/io/FileNotFoundException'{0x00000000ebba0068}> (0x00000000ebba0068) 
thrown [s\src\hotspot\share\prims\jni.cpp, line 520]
Event: 15.049 Thread 0x000001e25e06bbe0 Exception <a 'java/io/FileNotFoundException'{0x00000000ebe907a0}> (0x00000000ebe907a0) 
thrown [s\src\hotspot\share\prims\jni.cpp, line 520]
Event: 15.645 Thread 0x000001e25e06bbe0 Exception <a 'java/lang/IncompatibleClassChangeError'{0x00000000eb9f99e8}: Found class java.lang.Object, but interface was expected> (0x00000000eb9f99e8) 
thrown [s\src\hotspot\share\interpreter\linkResolver.cpp, line 840]
Event: 15.698 Thread 0x000001e25ccb2ab0 Exception <a 'java/lang/NoSuchMethodError'{0x00000000ebbd88a0}: 'int java.lang.invoke.DirectMethodHandle$Holder.invokeSpecialIFC(java.lang.Object, java.lang.Object, java.lang.Object, java.lang.Object)'> (0x00000000ebbd88a0) 
thrown [s\src\hotspot\share\interpreter\linkResolver.cpp, line 773]
Event: 16.951 Thread 0x000001e25e069b10 Implicit null exception at 0x000001e20c1f6f89 to 0x000001e20c1f709c
Event: 18.690 Thread 0x000001e25ccb2ab0 Exception <a 'java/lang/NoSuchMethodError'{0x00000000eb05ab08}: 'int java.lang.invoke.DirectMethodHandle$Holder.invokeSpecialIFC(java.lang.Object, java.lang.Object, java.lang.Object)'> (0x00000000eb05ab08) 
thrown [s\src\hotspot\share\interpreter\linkResolver.cpp, line 773]
Event: 19.426 Thread 0x000001e25ccb1d90 Implicit null exception at 0x000001e20c3f18e0 to 0x000001e20c3f19f4
Event: 19.615 Thread 0x000001e25ccb2ab0 Exception <a 'java/lang/NoSuchMethodError'{0x00000000eb2ffa18}: 'java.lang.Object java.lang.invoke.DirectMethodHandle$Holder.newInvokeSpecial(java.lang.Object, java.lang.Object, int, int, java.lang.Object)'> (0x00000000eb2ffa18) 
thrown [s\src\hotspot\share\interpreter\linkResolver.cpp, line 773]

ZGC Phase Switch (0 events):
No events

VM Operations (20 events):
Event: 16.935 Executing VM operation: ParallelGCFailedAllocation (Allocation Failure)
Event: 16.939 Executing VM operation: ParallelGCFailedAllocation (Allocation Failure) done
Event: 17.773 Executing VM operation: ParallelGCFailedAllocation (Allocation Failure)
Event: 17.776 Executing VM operation: ParallelGCFailedAllocation (Allocation Failure) done
Event: 18.118 Executing VM operation: HandshakeAllThreads (Deoptimize)
Event: 18.189 Executing VM operation: HandshakeAllThreads (Deoptimize) done
Event: 18.258 Executing VM operation: ParallelGCFailedAllocation (Allocation Failure)
Event: 18.275 Executing VM operation: ParallelGCFailedAllocation (Allocation Failure) done
Event: 18.394 Executing VM operation: ParallelGCFailedAllocation (Allocation Failure)
Event: 18.396 Executing VM operation: ParallelGCFailedAllocation (Allocation Failure) done
Event: 18.450 Executing VM operation: ParallelGCFailedAllocation (Allocation Failure)
Event: 18.452 Executing VM operation: ParallelGCFailedAllocation (Allocation Failure) done
Event: 18.701 Executing VM operation: HandshakeAllThreads (Deoptimize)
Event: 18.701 Executing VM operation: HandshakeAllThreads (Deoptimize) done
Event: 18.821 Executing VM operation: HandshakeAllThreads (Deoptimize)
Event: 18.828 Executing VM operation: HandshakeAllThreads (Deoptimize) done
Event: 18.971 Executing VM operation: HandshakeAllThreads (Deoptimize)
Event: 19.428 Executing VM operation: HandshakeAllThreads (Deoptimize) done
Event: 19.626 Executing VM operation: ParallelGCFailedAllocation (Allocation Failure)
Event: 19.654 Executing VM operation: ParallelGCFailedAllocation (Allocation Failure) done

Memory protections (0 events):
No events

Nmethod flushes (20 events):
Event: 9.383 Thread 0x000001e21564fee0 flushing  nmethod 0x000001e204b71610
Event: 9.383 Thread 0x000001e21564fee0 flushing  nmethod 0x000001e204b98d90
Event: 9.383 Thread 0x000001e21564fee0 flushing  nmethod 0x000001e204bb6c90
Event: 9.383 Thread 0x000001e21564fee0 flushing  nmethod 0x000001e204bb8790
Event: 9.383 Thread 0x000001e21564fee0 flushing  nmethod 0x000001e204bb9090
Event: 9.383 Thread 0x000001e21564fee0 flushing  nmethod 0x000001e204bba290
Event: 9.383 Thread 0x000001e21564fee0 flushing  nmethod 0x000001e204bbdc10
Event: 9.383 Thread 0x000001e21564fee0 flushing  nmethod 0x000001e204bbe390
Event: 9.383 Thread 0x000001e21564fee0 flushing  nmethod 0x000001e204bbf910
Event: 9.383 Thread 0x000001e21564fee0 flushing  nmethod 0x000001e204bbfe10
Event: 9.383 Thread 0x000001e21564fee0 flushing  nmethod 0x000001e204bc1290
Event: 9.383 Thread 0x000001e21564fee0 flushing  nmethod 0x000001e204bc1b10
Event: 9.383 Thread 0x000001e21564fee0 flushing  nmethod 0x000001e204bc3590
Event: 9.383 Thread 0x000001e21564fee0 flushing  nmethod 0x000001e204bce410
Event: 9.383 Thread 0x000001e21564fee0 flushing  nmethod 0x000001e204c10e90
Event: 9.383 Thread 0x000001e21564fee0 flushing  nmethod 0x000001e204c14990
Event: 9.383 Thread 0x000001e21564fee0 flushing  nmethod 0x000001e204c1ce10
Event: 9.383 Thread 0x000001e21564fee0 flushing  nmethod 0x000001e204c64890
Event: 9.383 Thread 0x000001e21564fee0 flushing  nmethod 0x000001e204c9bf90
Event: 9.383 Thread 0x000001e21564fee0 flushing  nmethod 0x000001e204cd8810

Events (20 events):
Event: 9.266 Thread 0x000001e27e974d90 Thread added: 0x000001e25e06f060
Event: 9.289 Thread 0x000001e27e974d90 Thread added: 0x000001e25e06fd80
Event: 9.901 Thread 0x000001e27e974d90 Thread added: 0x000001e25e06aec0
Event: 9.901 Thread 0x000001e27e974d90 Thread added: 0x000001e25e06bbe0
Event: 11.566 Thread 0x000001e25e49e830 Thread exited: 0x000001e25e49e830
Event: 12.056 Thread 0x000001e25ce11010 Thread exited: 0x000001e25ce11010
Event: 13.173 Thread 0x000001e2156ea500 Thread added: 0x000001e25f8edb00
Event: 14.202 Thread 0x000001e25f8edb00 Thread exited: 0x000001e25f8edb00
Event: 14.817 Thread 0x000001e2156ea500 Thread added: 0x000001e25f8ee1d0
Event: 16.849 Thread 0x000001e25f8ee1d0 Thread exited: 0x000001e25f8ee1d0
Event: 16.904 Thread 0x000001e2156ea500 Thread added: 0x000001e25ddc2e90
Event: 16.912 Thread 0x000001e25ccb2ab0 Thread added: 0x000001e25e069b10
Event: 16.912 Thread 0x000001e25ccb2ab0 Thread added: 0x000001e25e06f6f0
Event: 17.314 Thread 0x000001e25ddc2e90 Thread exited: 0x000001e25ddc2e90
Event: 18.331 Thread 0x000001e2156ea500 Thread added: 0x000001e25ddc4300
Event: 18.773 Thread 0x000001e25ccb2ab0 Thread added: 0x000001e25e06c900
Event: 19.335 Thread 0x000001e25ddc4300 Thread exited: 0x000001e25ddc4300
Event: 19.616 Thread 0x000001e25ccb2ab0 Thread added: 0x000001e25e06a1a0
Event: 19.620 Thread 0x000001e25ccb2ab0 Thread added: 0x000001e25e06cf90
Event: 19.689 Thread 0x000001e2156ea500 Thread added: 0x000001e25e709fa0


Dynamic libraries:
0x00007ff7adc70000 - 0x00007ff7adc7e000 	c:\Users\Diak\.vscode\extensions\redhat.java-1.42.0-win32-x64\jre\21.0.7-win32-x86_64\bin\java.exe
0x00007ffb299f0000 - 0x00007ffb29be8000 	C:\Windows\SYSTEM32\ntdll.dll
0x00007ffb27cb0000 - 0x00007ffb27d72000 	C:\Windows\System32\KERNEL32.DLL
0x00007ffb27520000 - 0x00007ffb27816000 	C:\Windows\System32\KERNELBASE.dll
0x00007ffb27240000 - 0x00007ffb27340000 	C:\Windows\System32\ucrtbase.dll
0x00007ffb0fcb0000 - 0x00007ffb0fcc8000 	c:\Users\Diak\.vscode\extensions\redhat.java-1.42.0-win32-x64\jre\21.0.7-win32-x86_64\bin\jli.dll
0x00007ffb27af0000 - 0x00007ffb27c8d000 	C:\Windows\System32\USER32.dll
0x00007ffb274f0000 - 0x00007ffb27512000 	C:\Windows\System32\win32u.dll
0x00007ffb28b40000 - 0x00007ffb28b6b000 	C:\Windows\System32\GDI32.dll
0x00007ffb27900000 - 0x00007ffb27a1a000 	C:\Windows\System32\gdi32full.dll
0x00007ffb27340000 - 0x00007ffb273dd000 	C:\Windows\System32\msvcp_win.dll
0x00007ffaf41a0000 - 0x00007ffaf41be000 	c:\Users\Diak\.vscode\extensions\redhat.java-1.42.0-win32-x64\jre\21.0.7-win32-x86_64\bin\VCRUNTIME140.dll
0x00007ffb13a80000 - 0x00007ffb13d1a000 	C:\Windows\WinSxS\amd64_microsoft.windows.common-controls_6595b64144ccf1df_6.0.19041.5794_none_60bcd33171f2783c\COMCTL32.dll
0x00007ffb28aa0000 - 0x00007ffb28b3e000 	C:\Windows\System32\msvcrt.dll
0x00007ffb29590000 - 0x00007ffb295bf000 	C:\Windows\System32\IMM32.DLL
0x00007ffb1fb10000 - 0x00007ffb1fb1c000 	c:\Users\Diak\.vscode\extensions\redhat.java-1.42.0-win32-x64\jre\21.0.7-win32-x86_64\bin\vcruntime140_1.dll
0x00007ffaeed60000 - 0x00007ffaeeded000 	c:\Users\Diak\.vscode\extensions\redhat.java-1.42.0-win32-x64\jre\21.0.7-win32-x86_64\bin\msvcp140.dll
0x00007ffab9430000 - 0x00007ffaba1c0000 	c:\Users\Diak\.vscode\extensions\redhat.java-1.42.0-win32-x64\jre\21.0.7-win32-x86_64\bin\server\jvm.dll
0x00007ffb289f0000 - 0x00007ffb28a9f000 	C:\Windows\System32\ADVAPI32.dll
0x00007ffb29620000 - 0x00007ffb296bf000 	C:\Windows\System32\sechost.dll
0x00007ffb27e60000 - 0x00007ffb27f83000 	C:\Windows\System32\RPCRT4.dll
0x00007ffb27820000 - 0x00007ffb27847000 	C:\Windows\System32\bcrypt.dll
0x00007ffb28da0000 - 0x00007ffb28e0b000 	C:\Windows\System32\WS2_32.dll
0x00007ffb26ef0000 - 0x00007ffb26f3b000 	C:\Windows\SYSTEM32\POWRPROF.dll
0x00007ffb13df0000 - 0x00007ffb13e17000 	C:\Windows\SYSTEM32\WINMM.dll
0x00007ffb1fb80000 - 0x00007ffb1fb8a000 	C:\Windows\SYSTEM32\VERSION.dll
0x00007ffb26ed0000 - 0x00007ffb26ee2000 	C:\Windows\SYSTEM32\UMPDC.dll
0x00007ffb24ef0000 - 0x00007ffb24f02000 	C:\Windows\SYSTEM32\kernel.appcore.dll
0x00007ffb1e060000 - 0x00007ffb1e06a000 	c:\Users\Diak\.vscode\extensions\redhat.java-1.42.0-win32-x64\jre\21.0.7-win32-x86_64\bin\jimage.dll
0x00007ffb13e20000 - 0x00007ffb14021000 	C:\Windows\SYSTEM32\DBGHELP.DLL
0x00007ffaf6c30000 - 0x00007ffaf6c64000 	C:\Windows\SYSTEM32\dbgcore.DLL
0x00007ffb27460000 - 0x00007ffb274e2000 	C:\Windows\System32\bcryptPrimitives.dll
0x00007ffb1dd80000 - 0x00007ffb1dd8f000 	c:\Users\Diak\.vscode\extensions\redhat.java-1.42.0-win32-x64\jre\21.0.7-win32-x86_64\bin\instrument.dll
0x00007ffaf3790000 - 0x00007ffaf37af000 	c:\Users\Diak\.vscode\extensions\redhat.java-1.42.0-win32-x64\jre\21.0.7-win32-x86_64\bin\java.dll
0x00007ffb28e20000 - 0x00007ffb2958e000 	C:\Windows\System32\SHELL32.dll
0x00007ffb250f0000 - 0x00007ffb25893000 	C:\Windows\SYSTEM32\windows.storage.dll
0x00007ffb28020000 - 0x00007ffb28373000 	C:\Windows\System32\combase.dll
0x00007ffb26910000 - 0x00007ffb2693b000 	C:\Windows\SYSTEM32\Wldp.dll
0x00007ffb287f0000 - 0x00007ffb288bd000 	C:\Windows\System32\OLEAUT32.dll
0x00007ffb296c0000 - 0x00007ffb2976d000 	C:\Windows\System32\SHCORE.dll
0x00007ffb295c0000 - 0x00007ffb29615000 	C:\Windows\System32\shlwapi.dll
0x00007ffb26fc0000 - 0x00007ffb26fe5000 	C:\Windows\SYSTEM32\profapi.dll
0x00007ffaf16a0000 - 0x00007ffaf16b8000 	c:\Users\Diak\.vscode\extensions\redhat.java-1.42.0-win32-x64\jre\21.0.7-win32-x86_64\bin\zip.dll
0x00007ffb1d5b0000 - 0x00007ffb1d5c0000 	C:\Users\Diak\.vscode\extensions\redhat.java-1.42.0-win32-x64\jre\21.0.7-win32-x86_64\bin\net.dll
0x00007ffb20a20000 - 0x00007ffb20b2a000 	C:\Windows\SYSTEM32\WINHTTP.dll
0x00007ffb266f0000 - 0x00007ffb2675c000 	C:\Windows\system32\mswsock.dll
0x00007ffaef2e0000 - 0x00007ffaef2f6000 	C:\Users\Diak\.vscode\extensions\redhat.java-1.42.0-win32-x64\jre\21.0.7-win32-x86_64\bin\nio.dll
0x00007ffb15550000 - 0x00007ffb15560000 	c:\Users\Diak\.vscode\extensions\redhat.java-1.42.0-win32-x64\jre\21.0.7-win32-x86_64\bin\verify.dll
0x00007ffaeed10000 - 0x00007ffaeed55000 	C:\Users\Diak\AppData\Roaming\Code\User\globalStorage\redhat.java\1.42.0\config_win\org.eclipse.equinox.launcher\org.eclipse.equinox.launcher.win32.win32.x86_64_1.2.1300.v20250331-1702\eclipse_11911.dll
0x00007ffb288c0000 - 0x00007ffb289eb000 	C:\Windows\System32\ole32.dll
0x00007ffb26950000 - 0x00007ffb26968000 	C:\Windows\SYSTEM32\CRYPTSP.dll
0x00007ffb26030000 - 0x00007ffb26068000 	C:\Windows\system32\rsaenh.dll
0x00007ffb26f80000 - 0x00007ffb26fae000 	C:\Windows\SYSTEM32\USERENV.dll
0x00007ffb26880000 - 0x00007ffb2688c000 	C:\Windows\SYSTEM32\CRYPTBASE.dll
0x00007ffb263f0000 - 0x00007ffb2642b000 	C:\Windows\SYSTEM32\IPHLPAPI.DLL
0x00007ffb27ca0000 - 0x00007ffb27ca8000 	C:\Windows\System32\NSI.dll
0x00007ffad2220000 - 0x00007ffad2269000 	C:\Users\Diak\AppData\Local\Temp\jna-2129807\jna10438766884318325235.dll
0x00007ffb28e10000 - 0x00007ffb28e18000 	C:\Windows\System32\PSAPI.DLL
0x00007ffb21990000 - 0x00007ffb219a7000 	C:\Windows\SYSTEM32\dhcpcsvc6.DLL
0x00007ffb21930000 - 0x00007ffb2194d000 	C:\Windows\SYSTEM32\dhcpcsvc.DLL

dbghelp: loaded successfully - version: 4.0.5 - missing functions: none
symbol engine: initialized successfully - sym options: 0x614 - pdb path: .;c:\Users\Diak\.vscode\extensions\redhat.java-1.42.0-win32-x64\jre\21.0.7-win32-x86_64\bin;C:\Windows\SYSTEM32;C:\Windows\WinSxS\amd64_microsoft.windows.common-controls_6595b64144ccf1df_6.0.19041.5794_none_60bcd33171f2783c;c:\Users\Diak\.vscode\extensions\redhat.java-1.42.0-win32-x64\jre\21.0.7-win32-x86_64\bin\server;C:\Users\Diak\AppData\Roaming\Code\User\globalStorage\redhat.java\1.42.0\config_win\org.eclipse.equinox.launcher\org.eclipse.equinox.launcher.win32.win32.x86_64_1.2.1300.v20250331-1702;C:\Users\Diak\AppData\Local\Temp\jna-2129807

VM Arguments:
jvm_args: --add-modules=ALL-SYSTEM --add-opens=java.base/java.util=ALL-UNNAMED --add-opens=java.base/java.lang=ALL-UNNAMED --add-opens=java.base/sun.nio.fs=ALL-UNNAMED -Declipse.application=org.eclipse.jdt.ls.core.id1 -Dosgi.bundles.defaultStartLevel=4 -Declipse.product=org.eclipse.jdt.ls.core.product -Djava.import.generatesMetadataFilesAtProjectRoot=false -DDetectVMInstallationsJob.disabled=true -Dfile.encoding=utf8 -XX:+UseParallelGC -XX:GCTimeRatio=4 -XX:AdaptiveSizePolicyWeight=90 -Dsun.zip.disableMemoryMapping=true -Xmx1G -Xms100m -Xlog:disable -javaagent:c:\Users\Diak\.vscode\extensions\redhat.java-1.42.0-win32-x64\lombok\lombok-1.18.36.jar -XX:+HeapDumpOnOutOfMemoryError -XX:HeapDumpPath=c:\Users\Diak\AppData\Roaming\Code\User\workspaceStorage\7836344560901afb306dcbf77710d17b\redhat.java -Daether.dependencyCollector.impl=bf 
java_command: c:\Users\Diak\.vscode\extensions\redhat.java-1.42.0-win32-x64\server\plugins\org.eclipse.equinox.launcher_1.7.0.v20250424-1814.jar -configuration c:\Users\Diak\AppData\Roaming\Code\User\globalStorage\redhat.java\1.42.0\config_win -data c:\Users\Diak\AppData\Roaming\Code\User\workspaceStorage\7836344560901afb306dcbf77710d17b\redhat.java\jdt_ws --pipe=\\.\pipe\lsp-9f45533ce1f85f6d653876e5a7809dc4-sock
java_class_path (initial): c:\Users\Diak\.vscode\extensions\redhat.java-1.42.0-win32-x64\server\plugins\org.eclipse.equinox.launcher_1.7.0.v20250424-1814.jar
Launcher Type: SUN_STANDARD

[Global flags]
    uintx AdaptiveSizePolicyWeight                 = 90                                        {product} {command line}
     intx CICompilerCount                          = 3                                         {product} {ergonomic}
    uintx GCTimeRatio                              = 4                                         {product} {command line}
     bool HeapDumpOnOutOfMemoryError               = true                                   {manageable} {command line}
    ccstr HeapDumpPath                             = c:\Users\Diak\AppData\Roaming\Code\User\workspaceStorage\7836344560901afb306dcbf77710d17b\redhat.java         {manageable} {command line}
   size_t InitialHeapSize                          = 104857600                                 {product} {command line}
   size_t MaxHeapSize                              = 1073741824                                {product} {command line}
   size_t MaxNewSize                               = 357564416                                 {product} {ergonomic}
   size_t MinHeapDeltaBytes                        = 524288                                    {product} {ergonomic}
   size_t MinHeapSize                              = 104857600                                 {product} {command line}
   size_t NewSize                                  = 34603008                                  {product} {ergonomic}
    uintx NonNMethodCodeHeapSize                   = 5832780                                {pd product} {ergonomic}
    uintx NonProfiledCodeHeapSize                  = 122912730                              {pd product} {ergonomic}
   size_t OldSize                                  = 70254592                                  {product} {ergonomic}
    uintx ProfiledCodeHeapSize                     = 122912730                              {pd product} {ergonomic}
    uintx ReservedCodeCacheSize                    = 251658240                              {pd product} {ergonomic}
     bool SegmentedCodeCache                       = true                                      {product} {ergonomic}
   size_t SoftMaxHeapSize                          = 1073741824                             {manageable} {ergonomic}
     bool UseCompressedOops                        = true                           {product lp64_product} {ergonomic}
     bool UseLargePagesIndividualAllocation        = false                                  {pd product} {ergonomic}
     bool UseParallelGC                            = true                                      {product} {command line}

Logging:
Log output configuration:
 #0: stdout all=off uptime,level,tags foldmultilines=false
 #1: stderr all=off uptime,level,tags foldmultilines=false

Environment Variables:
JAVA_HOME=C:\Program Files\Java\jdk-20
PATH=C:\Python311\Scripts\;C:\Python311\;C:\Program Files\Zulu\zulu-8\bin\;C:\Program Files\Zulu\zulu-20\bin\;C:\Program Files\Common Files\Oracle\Java\javapath;C:\Program Files (x86)\Common Files\Oracle\Java\java8path;C:\Program Files (x86)\Common Files\Oracle\Java\javapath;C:\Windows\system32;C:\Windows;C:\Windows\System32\Wbem;C:\Windows\System32\WindowsPowerShell\v1.0\;C:\Windows\System32\OpenSSH\;C:\Program Files\Intel\WiFi\bin\;C:\Program Files\Common Files\Intel\WirelessCommon\;C:\Program Files\Microsoft SQL Server\150\Tools\Binn\;C:\Program Files\Microsoft SQL Server\Client SDK\ODBC\170\Tools\Binn\;C:\Program Files\dotnet\;C:\Program Files\Microsoft SQL Server\Client SDK\ODBC\130\Tools\Binn\;C:\Program Files (x86)\Microsoft SQL Server\140\Tools\Binn\;C:\Program Files\Microsoft SQL Server\140\Tools\Binn\;C:\Program Files\Microsoft SQL Server\140\DTS\Binn\;C:\xampp\php;C:\ProgramData\ComposerSetup\bin;C:\ProgramData\chocolatey\bin;C:\Program Files\PuTTY\;C:\Program Files\Docker\Docker\resources\bin;C:\Program Files\nodejs\;C:\Program Files (x86)\Common Files\Kulcs-Soft;C:\Users\Diak\AppData\Local\Microsoft\WindowsApps;C:\Users\Diak\AppData\Local\Programs\Microsoft VS Code\bin;C:\Users\Diak\AppData\Local\Programs\Git\cmd;C:\Users\Diak\AppData\Roaming\npm;C:\Users\Diak\.dotnet\tools
USERNAME=Diak
OS=Windows_NT
PROCESSOR_IDENTIFIER=Intel64 Family 6 Model 94 Stepping 3, GenuineIntel
TMP=C:\Users\Diak\AppData\Local\Temp
TEMP=C:\Users\Diak\AppData\Local\Temp




Periodic native trim disabled

---------------  S Y S T E M  ---------------

OS:
 Windows 10 , 64 bit Build 19041 (10.0.19041.5794)
OS uptime: 1 days 1:31 hours
Hyper-V role detected

CPU: total 4 (initial active 4) (4 cores per cpu, 1 threads per core) family 6 model 94 stepping 3 microcode 0xcc, cx8, cmov, fxsr, mmx, 3dnowpref, sse, sse2, sse3, ssse3, sse4.1, sse4.2, popcnt, lzcnt, tsc, tscinvbit, avx, avx2, aes, erms, clmul, bmi1, bmi2, adx, fma, vzeroupper, clflush, clflushopt, hv, rdtscp, f16c
Processor Information for the first 4 processors :
  Max Mhz: 2712, Current Mhz: 2712, Mhz Limit: 2712

Memory: 4k page, system-wide physical 16280M (6777M free)
TotalPageFile size 32664M (AvailPageFile size 21292M)
current process WorkingSet (physical memory assigned to process): 257M, peak: 258M
current process commit charge ("private bytes"): 308M, peak: 309M

vm_info: OpenJDK 64-Bit Server VM (21.0.7+6-LTS) for windows-amd64 JRE (21.0.7+6-LTS), built on 2025-04-15T00:00:00Z by "admin" with MS VC++ 17.7 (VS2022)

END.
